[18:00:19] observatoire 20 fenetres — cible 0xb27bc932…
[18:00:19] fenetre 1/20 : 1783011600
[18:05:08] fenetre 2/20 : 1783011900
[18:10:09] fenetre 3/20 : 1783012200
[18:10:42] resolu 1783011600: Up → PnL +183.73$
[18:15:08] fenetre 4/20 : 1783012500
[18:15:24] resolu 1783011900: Up → PnL +137.96$
[18:20:09] fenetre 5/20 : 1783012800
[18:20:47] resolu 1783012200: Up → PnL -674.79$
[18:25:09] fenetre 6/20 : 1783013100
[18:26:12] resolu 1783012500: Up → PnL +163.31$
[18:29:05] resolu 1783012800: Up → PnL +404.39$
[18:30:08] fenetre 7/20 : 1783013400
[18:35:52] fenetre 8/20 : 1783013700
[18:40:40] resolu 1783013100: Up → PnL -118.23$
[18:40:56] fenetre 9/20 : 1783014000
[18:42:56] resolu 1783013400: Down → PnL +322.62$
[18:45:54] fenetre 10/20 : 1783014300
[18:47:58] resolu 1783013700: Down → PnL +135.46$
[18:50:47] fenetre 11/20 : 1783014600
[18:52:15] resolu 1783014300: Down → PnL -24.25$
[18:52:41] resolu 1783014000: Up → PnL +146.99$
[18:55:46] fenetre 12/20 : 1783014900
[18:58:58] resolu 1783014600: Up → PnL -122.89$
[19:00:40] fenetre 13/20 : 1783015200
[19:05:33] fenetre 14/20 : 1783015500
[19:09:53] resolu 1783014900: Down → PnL +158.28$
[19:10:43] fenetre 15/20 : 1783015800
[19:13:05] marche introuvable btc-updown-5m-1783015800
[19:15:01] fenetre 15/20 : 1783016100
[19:16:08] resolu 1783015200: Up → PnL +85.01$
[19:16:12] resolu 1783015500: Up → PnL +198.63$
[19:20:08] fenetre 16/20 : 1783016400
[19:23:27] resolu 1783016100: Down → PnL -71.73$
[19:25:08] fenetre 17/20 : 1783016700
[19:28:20] resolu 1783016400: Up → PnL +150.89$
[19:30:08] fenetre 18/20 : 1783017000
[19:33:19] resolu 1783016700: Up → PnL -201.23$
[19:35:09] fenetre 19/20 : 1783017300
[19:38:23] resolu 1783017000: Down → PnL -173.04$
[19:40:08] fenetre 20/20 : 1783017600
[19:46:22] resolu 1783017300: Down → PnL -102.30$
[19:47:13] observatoire termine.
