2026-07-01T01:50:18.330248Z  INFO rust_quant_bot: 🎯 rust-quant-bot (sniper, mono) démarré dry_run=true
2026-07-01T01:50:18.332564Z  INFO rust_quant_bot::dashboard: Dashboard sur http://0.0.0.0:8768 port=8768
2026-07-01T01:50:18.332801Z  INFO rust_quant_bot::strategy::bankroll: État sniper chargé cash=20.0 shots=0 wins=0
2026-07-01T01:50:18.333610Z  INFO rust_quant_bot::strategy::live_position: État LIVE chargé realized_pnl=0.0 shots=0 wins=0 losses=0
2026-07-01T01:50:18.984256Z  INFO rust_quant_bot::polymarket::pm_poller: === nouveau marché === slug=btc-updown-5m-1782870600 strike=Some(58794.0) neg_risk=false
2026-07-01T01:50:18.987167Z  INFO rust_quant_bot::polymarket::pm_websocket: pm_ws: connexion WS market…
2026-07-01T01:50:19.364610Z  INFO rust_quant_bot::polymarket::pm_websocket: pm_ws: WS market connecté ✓
2026-07-01T01:50:19.393885Z  INFO rust_quant_bot::okx::websocket: OKX WS connecté + abonné books BTC-USDT url=wss://ws.okx.com:8443/ws/v5/public
2026-07-01T01:50:19.574301Z  INFO rust_quant_bot::binance::trade_feed: aggTrade WS connecté (Task B) url=wss://stream.binance.com:9443/ws/btcusdt@aggTrade
2026-07-01T01:50:19.579490Z  INFO rust_quant_bot::binance::websocket: Binance WS connecté url=wss://stream.binance.com:9443/ws/btcusdt@depth
2026-07-01T01:50:23.116117Z  WARN rust_quant_bot::strategy::bankroll: 🎯 SNIPE side="up" token_id="79479227253475270617088997746734314032955400018918684571293170276757561385080" entry="0.320" size=6.0 tp="0.35"
2026-07-01T01:50:25.087095Z  INFO rust_quant_bot: mono score="+0.416" obi_b="+0.21" obi_o="-0.60" tfi="+0.99" fair="0.460" real="0.315" gap="+0.145" fsm="COOLDOWN" shots=1 ic="0.000"
2026-07-01T01:50:30.085264Z  INFO rust_quant_bot: mono score="+0.213" obi_b="+0.29" obi_o="-0.78" tfi="+0.27" fair="0.419" real="0.335" gap="+0.084" fsm="COOLDOWN" shots=1 ic="0.000"
2026-07-01T01:50:35.085961Z  INFO rust_quant_bot: mono score="+0.764" obi_b="+0.99" obi_o="-0.67" tfi="+0.88" fair="0.571" real="0.325" gap="+0.246" fsm="COOLDOWN" shots=1 ic="0.000"
2026-07-01T01:50:35.637637Z  WARN rust_quant_bot::strategy::bankroll: ✖ clôture reason="take_profit" token_id="79479227253475270617088997746734314032955400018918684571293170276757561385080" exit="0.350" pnl="0.18" cash="20.18"
2026-07-01T01:50:40.085458Z  INFO rust_quant_bot: mono score="-0.415" obi_b="-0.22" obi_o="-0.81" tfi="-0.74" fair="0.291" real="0.340" gap="-0.049" fsm="IDLE" shots=1 ic="0.000"
2026-07-01T01:50:41.114724Z  WARN rust_quant_bot::strategy::bankroll: 🎯 SNIPE side="down" token_id="103991690524180461525687790410082521022165115591754673918591798992947449131584" entry="0.680" size=5.0 tp="0.73"
2026-07-01T01:50:45.085825Z  INFO rust_quant_bot: mono score="-0.455" obi_b="-0.35" obi_o="-0.90" tfi="-0.85" fair="0.283" real="0.315" gap="-0.032" fsm="COOLDOWN" shots=2 ic="0.000"
2026-07-01T01:50:48.535935Z  WARN rust_quant_bot::strategy::bankroll: ✖ clôture reason="take_profit" token_id="103991690524180461525687790410082521022165115591754673918591798992947449131584" exit="0.730" pnl="0.25" cash="20.43"
2026-07-01T01:50:50.086457Z  INFO rust_quant_bot: mono score="-0.006" obi_b="+0.88" obi_o="+0.13" tfi="-0.98" fair="0.328" real="0.265" gap="+0.063" fsm="COOLDOWN" shots=2 ic="0.000"
2026-07-01T01:50:51.117303Z  WARN rust_quant_bot::strategy::bankroll: 🎯 SNIPE side="down" token_id="103991690524180461525687790410082521022165115591754673918591798992947449131584" entry="0.730" size=5.0 tp="0.79"
2026-07-01T01:50:55.086067Z  INFO rust_quant_bot: mono score="-0.307" obi_b="-0.06" obi_o="-0.08" tfi="-0.78" fair="0.270" real="0.265" gap="+0.005" fsm="IDLE" shots=3 ic="0.000"
2026-07-01T01:51:00.086313Z  INFO rust_quant_bot: mono score="-0.336" obi_b="-0.03" obi_o="-0.87" tfi="-0.85" fair="0.339" real="0.255" gap="+0.084" fsm="IDLE" shots=3 ic="0.000"
2026-07-01T01:51:05.085380Z  INFO rust_quant_bot: mono score="+0.333" obi_b="+0.06" obi_o="+0.49" tfi="+1.00" fair="0.368" real="0.255" gap="+0.113" fsm="IDLE" shots=3 ic="0.000"
2026-07-01T01:51:10.085339Z  INFO rust_quant_bot: mono score="-0.161" obi_b="-0.17" obi_o="-0.74" tfi="-0.36" fair="0.306" real="0.275" gap="+0.031" fsm="IDLE" shots=3 ic="0.000"
2026-07-01T01:51:13.535245Z  WARN rust_quant_bot::strategy::bankroll: ✖ clôture reason="take_profit" token_id="103991690524180461525687790410082521022165115591754673918591798992947449131584" exit="0.790" pnl="0.30" cash="20.73"
2026-07-01T01:51:15.084998Z  INFO rust_quant_bot: mono score="-0.319" obi_b="+0.34" obi_o="-0.31" tfi="-1.00" fair="0.242" real="0.185" gap="+0.057" fsm="IDLE" shots=3 ic="0.000"
2026-07-01T01:51:20.085435Z  INFO rust_quant_bot: mono score="-0.151" obi_b="-0.03" obi_o="-0.93" tfi="-0.20" fair="0.251" real="0.195" gap="+0.056" fsm="IDLE" shots=3 ic="0.000"
2026-07-01T01:51:25.085144Z  INFO rust_quant_bot: mono score="+0.385" obi_b="+0.23" obi_o="-0.41" tfi="+0.87" fair="0.346" real="0.195" gap="+0.151" fsm="IDLE" shots=3 ic="0.000"
2026-07-01T01:51:27.118703Z  WARN rust_quant_bot::strategy::bankroll: 🎯 SNIPE side="up" token_id="79479227253475270617088997746734314032955400018918684571293170276757561385080" entry="0.210" size=9.0 tp="0.23"
2026-07-01T01:51:27.135106Z  WARN rust_quant_bot::strategy::bankroll: ✖ clôture reason="stop_loss" token_id="79479227253475270617088997746734314032955400018918684571293170276757561385080" exit="0.200" pnl="-0.09" cash="20.64"
2026-07-01T01:51:30.084995Z  INFO rust_quant_bot: mono score="+0.605" obi_b="+0.52" obi_o="-0.01" tfi="+0.95" fair="0.423" real="0.235" gap="+0.188" fsm="COOLDOWN" shots=4 ic="0.000"
2026-07-01T01:51:30.135115Z  WARN rust_quant_bot::strategy::bankroll: 🎯 SNIPE side="up" token_id="79479227253475270617088997746734314032955400018918684571293170276757561385080" entry="0.240" size=8.0 tp="0.26"
2026-07-01T01:51:30.135626Z  WARN rust_quant_bot::strategy::bankroll: ✖ clôture reason="stop_loss" token_id="79479227253475270617088997746734314032955400018918684571293170276757561385080" exit="0.230" pnl="-0.08" cash="20.56"
2026-07-01T01:51:33.235440Z  WARN rust_quant_bot::strategy::bankroll: 🎯 SNIPE side="up" token_id="79479227253475270617088997746734314032955400018918684571293170276757561385080" entry="0.260" size=7.0 tp="0.28"
2026-07-01T01:51:34.534594Z  WARN rust_quant_bot::strategy::bankroll: ✖ clôture reason="take_profit" token_id="79479227253475270617088997746734314032955400018918684571293170276757561385080" exit="0.280" pnl="0.14" cash="20.70"
2026-07-01T01:51:35.085672Z  INFO rust_quant_bot: mono score="+0.532" obi_b="+0.35" obi_o="-0.36" tfi="+1.00" fair="0.433" real="0.285" gap="+0.148" fsm="COOLDOWN" shots=6 ic="0.000"
2026-07-01T01:51:36.285672Z  WARN rust_quant_bot::strategy::bankroll: 🎯 SNIPE side="up" token_id="79479227253475270617088997746734314032955400018918684571293170276757561385080" entry="0.330" size=6.0 tp="0.36"
2026-07-01T01:51:38.584557Z  WARN rust_quant_bot::strategy::bankroll: ✖ clôture reason="stop_loss" token_id="79479227253475270617088997746734314032955400018918684571293170276757561385080" exit="0.310" pnl="-0.12" cash="20.58"
2026-07-01T01:51:40.085918Z  INFO rust_quant_bot: mono score="-0.302" obi_b="-0.43" obi_o="-0.76" tfi="-0.67" fair="0.338" real="0.315" gap="+0.023" fsm="IDLE" shots=7 ic="0.000"
2026-07-01T01:51:41.914670Z  WARN rust_quant_bot::strategy::bankroll: 🎯 SNIPE side="down" token_id="103991690524180461525687790410082521022165115591754673918591798992947449131584" entry="0.740" size=5.0 tp="0.80"
2026-07-01T01:51:43.686388Z  WARN rust_quant_bot::strategy::bankroll: ✖ clôture reason="stop_loss" token_id="103991690524180461525687790410082521022165115591754673918591798992947449131584" exit="0.700" pnl="-0.20" cash="20.38"
2026-07-01T01:51:45.084295Z  INFO rust_quant_bot: mono score="-0.129" obi_b="-0.13" obi_o="-0.74" tfi="-0.21" fair="0.352" real="0.305" gap="+0.047" fsm="IDLE" shots=8 ic="0.000"
2026-07-01T01:51:50.085717Z  INFO rust_quant_bot: mono score="+0.317" obi_b="+0.18" obi_o="+0.60" tfi="+0.72" fair="0.436" real="0.305" gap="+0.131" fsm="IDLE" shots=8 ic="0.000"
2026-07-01T01:51:51.285901Z  WARN rust_quant_bot::strategy::bankroll: 🎯 SNIPE side="up" token_id="79479227253475270617088997746734314032955400018918684571293170276757561385080" entry="0.330" size=6.0 tp="0.36"
2026-07-01T01:51:52.636020Z  WARN rust_quant_bot::strategy::bankroll: ✖ clôture reason="take_profit" token_id="79479227253475270617088997746734314032955400018918684571293170276757561385080" exit="0.360" pnl="0.18" cash="20.56"
2026-07-01T01:51:55.084672Z  INFO rust_quant_bot: mono score="+0.396" obi_b="-0.02" obi_o="-0.50" tfi="+0.98" fair="0.494" real="0.365" gap="+0.129" fsm="IDLE" shots=9 ic="0.000"
2026-07-01T01:52:00.085297Z  INFO rust_quant_bot: mono score="-0.285" obi_b="+0.12" obi_o="+0.80" tfi="-0.97" fair="0.349" real="0.325" gap="+0.024" fsm="IDLE" shots=9 ic="0.000"
2026-07-01T01:52:02.824185Z  WARN rust_quant_bot::strategy::bankroll: 🎯 SNIPE side="up" token_id="79479227253475270617088997746734314032955400018918684571293170276757561385080" entry="0.370" size=5.0 tp="0.40"
2026-07-01T01:52:05.085442Z  INFO rust_quant_bot: mono score="+0.249" obi_b="-0.08" obi_o="-0.89" tfi="+0.66" fair="0.492" real="0.395" gap="+0.097" fsm="COOLDOWN" shots=10 ic="0.000"
2026-07-01T01:52:05.535347Z  WARN rust_quant_bot::strategy::bankroll: ✖ clôture reason="stop_loss" token_id="79479227253475270617088997746734314032955400018918684571293170276757561385080" exit="0.350" pnl="-0.10" cash="20.46"
2026-07-01T01:52:10.085524Z  INFO rust_quant_bot: mono score="-0.102" obi_b="+0.14" obi_o="-0.48" tfi="-0.34" fair="0.382" real="0.315" gap="+0.067" fsm="IDLE" shots=10 ic="0.000"
2026-07-01T01:52:15.085995Z  INFO rust_quant_bot: mono score="+0.191" obi_b="+0.39" obi_o="-0.67" tfi="+0.15" fair="0.446" real="0.325" gap="+0.121" fsm="IDLE" shots=10 ic="0.000"
2026-07-01T01:52:16.635587Z  WARN rust_quant_bot::strategy::bankroll: 🎯 SNIPE side="down" token_id="103991690524180461525687790410082521022165115591754673918591798992947449131584" entry="0.720" size=5.0 tp="0.78"
2026-07-01T01:52:20.084119Z  INFO rust_quant_bot: mono score="-0.479" obi_b="-0.31" obi_o="-0.39" tfi="-0.71" fair="0.275" real="0.245" gap="+0.030" fsm="COOLDOWN" shots=11 ic="0.000"
2026-07-01T01:52:25.085753Z  INFO rust_quant_bot: mono score="-0.069" obi_b="-0.35" obi_o="-0.61" tfi="+0.33" fair="0.345" real="0.255" gap="+0.090" fsm="COOLDOWN" shots=11 ic="0.000"
2026-07-01T01:52:30.084938Z  INFO rust_quant_bot: mono score="+0.233" obi_b="-0.12" obi_o="+0.13" tfi="+0.96" fair="0.388" real="0.255" gap="+0.133" fsm="IDLE" shots=11 ic="0.000"
2026-07-01T01:52:30.535184Z  WARN rust_quant_bot::strategy::bankroll: ✖ clôture reason="stop_loss" token_id="103991690524180461525687790410082521022165115591754673918591798992947449131584" exit="0.680" pnl="-0.20" cash="20.26"
2026-07-01T01:52:33.434971Z  WARN rust_quant_bot::strategy::bankroll: 🎯 SNIPE side="up" token_id="79479227253475270617088997746734314032955400018918684571293170276757561385080" entry="0.380" size=5.0 tp="0.41"
2026-07-01T01:52:33.435484Z  WARN rust_quant_bot::strategy::bankroll: ✖ clôture reason="stop_loss" token_id="79479227253475270617088997746734314032955400018918684571293170276757561385080" exit="0.360" pnl="-0.10" cash="20.16"
2026-07-01T01:52:35.085278Z  INFO rust_quant_bot: mono score="+0.520" obi_b="+0.31" obi_o="-0.69" tfi="+1.00" fair="0.524" real="0.375" gap="+0.149" fsm="COOLDOWN" shots=12 ic="0.000"
2026-07-01T01:52:36.485271Z  WARN rust_quant_bot::strategy::bankroll: 🎯 SNIPE side="up" token_id="79479227253475270617088997746734314032955400018918684571293170276757561385080" entry="0.380" size=5.0 tp="0.41"
2026-07-01T01:52:36.635189Z  WARN rust_quant_bot::strategy::bankroll: ✖ clôture reason="take_profit" token_id="79479227253475270617088997746734314032955400018918684571293170276757561385080" exit="0.410" pnl="0.15" cash="20.31"
2026-07-01T01:52:39.515357Z  WARN rust_quant_bot::strategy::bankroll: 🎯 SNIPE side="up" token_id="79479227253475270617088997746734314032955400018918684571293170276757561385080" entry="0.470" size=5.0 tp="0.51"
2026-07-01T01:52:40.085085Z  INFO rust_quant_bot: mono score="+0.678" obi_b="+0.73" obi_o="+0.74" tfi="+0.85" fair="0.609" real="0.465" gap="+0.144" fsm="COOLDOWN" shots=14 ic="0.000"
2026-07-01T01:52:42.535622Z  WARN rust_quant_bot::strategy::bankroll: ✖ clôture reason="take_profit" token_id="79479227253475270617088997746734314032955400018918684571293170276757561385080" exit="0.510" pnl="0.20" cash="20.51"
2026-07-01T01:52:45.084487Z  INFO rust_quant_bot: mono score="-0.245" obi_b="-0.42" obi_o="-0.43" tfi="-0.16" fair="0.443" real="0.530" gap="-0.087" fsm="IDLE" shots=14 ic="0.000"
2026-07-01T01:52:50.084261Z  INFO rust_quant_bot: mono score="+0.365" obi_b="+0.02" obi_o="-0.55" tfi="+1.00" fair="0.586" real="0.515" gap="+0.071" fsm="IDLE" shots=14 ic="0.000"
2026-07-01T01:52:52.114169Z  WARN rust_quant_bot::strategy::bankroll: 🎯 SNIPE side="up" token_id="79479227253475270617088997746734314032955400018918684571293170276757561385080" entry="0.520" size=5.0 tp="0.56"
2026-07-01T01:52:55.085263Z  INFO rust_quant_bot: mono score="+0.142" obi_b="+0.63" obi_o="-0.13" tfi="-0.41" fair="0.543" real="0.525" gap="+0.018" fsm="COOLDOWN" shots=15 ic="0.000"
2026-07-01T01:53:00.084823Z  INFO rust_quant_bot: mono score="+0.024" obi_b="+0.79" obi_o="-0.06" tfi="-0.99" fair="0.526" real="0.535" gap="-0.009" fsm="IDLE" shots=15 ic="0.000"
2026-07-01T01:53:03.535529Z  WARN rust_quant_bot::strategy::bankroll: ✖ clôture reason="stop_loss" token_id="79479227253475270617088997746734314032955400018918684571293170276757561385080" exit="0.490" pnl="-0.15" cash="20.36"
2026-07-01T01:53:05.085978Z  INFO rust_quant_bot: mono score="+0.438" obi_b="+0.35" obi_o="+0.24" tfi="+0.55" fair="0.662" real="0.515" gap="+0.147" fsm="IDLE" shots=15 ic="0.000"
2026-07-01T01:53:05.134599Z  WARN rust_quant_bot::strategy::bankroll: 🎯 SNIPE side="up" token_id="79479227253475270617088997746734314032955400018918684571293170276757561385080" entry="0.538" size=5.0 tp="0.58"
2026-07-01T01:53:05.135075Z  WARN rust_quant_bot::strategy::bankroll: ✖ clôture reason="stop_loss" token_id="79479227253475270617088997746734314032955400018918684571293170276757561385080" exit="0.510" pnl="-0.14" cash="20.22"
2026-07-01T01:53:08.222243Z  WARN rust_quant_bot::strategy::bankroll: 🎯 SNIPE side="up" token_id="79479227253475270617088997746734314032955400018918684571293170276757561385080" entry="0.640" size=5.0 tp="0.69"
2026-07-01T01:53:10.084530Z  INFO rust_quant_bot: mono score="+0.739" obi_b="+0.81" obi_o="+0.46" tfi="+0.94" fair="0.739" real="0.635" gap="+0.104" fsm="COOLDOWN" shots=17 ic="0.000"
2026-07-01T01:53:15.084865Z  INFO rust_quant_bot: mono score="+0.261" obi_b="+0.29" obi_o="+0.58" tfi="+0.54" fair="0.649" real="0.650" gap="-0.001" fsm="IDLE" shots=17 ic="0.000"
2026-07-01T01:53:16.585368Z  WARN rust_quant_bot::strategy::bankroll: ✖ clôture reason="stop_loss" token_id="79479227253475270617088997746734314032955400018918684571293170276757561385080" exit="0.600" pnl="-0.20" cash="20.02"
2026-07-01T01:53:20.085818Z  INFO rust_quant_bot: mono score="+0.028" obi_b="+0.59" obi_o="-0.65" tfi="-0.31" fair="0.534" real="0.595" gap="-0.061" fsm="IDLE" shots=17 ic="0.000"
2026-07-01T01:53:25.084654Z  INFO rust_quant_bot: mono score="-0.203" obi_b="-0.09" obi_o="+0.06" tfi="-0.35" fair="0.493" real="0.525" gap="-0.032" fsm="IDLE" shots=17 ic="0.000"
2026-07-01T01:53:30.084196Z  INFO rust_quant_bot: mono score="+0.420" obi_b="+0.52" obi_o="-0.17" tfi="+0.45" fair="0.641" real="0.555" gap="+0.086" fsm="IDLE" shots=17 ic="0.000"
2026-07-01T01:53:34.684421Z  WARN rust_quant_bot::strategy::bankroll: 🎯 SNIPE side="up" token_id="79479227253475270617088997746734314032955400018918684571293170276757561385080" entry="0.580" size=5.0 tp="0.63"
2026-07-01T01:53:35.085242Z  INFO rust_quant_bot: mono score="+0.428" obi_b="+0.32" obi_o="-0.55" tfi="+0.83" fair="0.674" real="0.575" gap="+0.099" fsm="COOLDOWN" shots=18 ic="0.000"
2026-07-01T01:53:35.534869Z  WARN rust_quant_bot::strategy::bankroll: ✖ clôture reason="take_profit" token_id="79479227253475270617088997746734314032955400018918684571293170276757561385080" exit="0.630" pnl="0.25" cash="20.27"
2026-07-01T01:53:40.061764Z  WARN rust_quant_bot::strategy::bankroll: 🎯 SNIPE side="down" token_id="103991690524180461525687790410082521022165115591754673918591798992947449131584" entry="0.430" size=5.0 tp="0.46"
2026-07-01T01:53:40.084959Z  INFO rust_quant_bot: mono score="-0.472" obi_b="-0.24" obi_o="-0.92" tfi="-0.99" fair="0.480" real="0.575" gap="-0.095" fsm="COOLDOWN" shots=19 ic="0.000"
2026-07-01T01:53:40.684467Z  WARN rust_quant_bot::strategy::bankroll: ✖ clôture reason="take_profit" token_id="103991690524180461525687790410082521022165115591754673918591798992947449131584" exit="0.460" pnl="0.15" cash="20.42"
2026-07-01T01:53:45.085690Z  INFO rust_quant_bot: mono score="-0.038" obi_b="+0.23" obi_o="+0.05" tfi="-0.49" fair="0.539" real="0.555" gap="-0.016" fsm="IDLE" shots=19 ic="0.000"
2026-07-01T01:53:48.534121Z  WARN rust_quant_bot::strategy::bankroll: 🎯 SNIPE side="up" token_id="79479227253475270617088997746734314032955400018918684571293170276757561385080" entry="0.630" size=5.0 tp="0.68"
2026-07-01T01:53:49.635028Z  WARN rust_quant_bot::strategy::bankroll: ✖ clôture reason="take_profit" token_id="79479227253475270617088997746734314032955400018918684571293170276757561385080" exit="0.680" pnl="0.25" cash="20.67"
2026-07-01T01:53:50.084668Z  INFO rust_quant_bot: mono score="+0.542" obi_b="+0.41" obi_o="+0.37" tfi="+0.99" fair="0.681" real="0.695" gap="-0.014" fsm="COOLDOWN" shots=20 ic="-0.376"
2026-07-01T01:53:51.585710Z  WARN rust_quant_bot::strategy::bankroll: 🎯 SNIPE side="up" token_id="79479227253475270617088997746734314032955400018918684571293170276757561385080" entry="0.760" size=5.0 tp="0.82"
2026-07-01T01:53:55.085243Z  INFO rust_quant_bot: mono score="+0.404" obi_b="-0.02" obi_o="-0.81" tfi="+1.00" fair="0.743" real="0.725" gap="+0.018" fsm="IDLE" shots=21 ic="-0.376"
2026-07-01T01:54:00.084150Z  INFO rust_quant_bot: mono score="+0.080" obi_b="-0.23" obi_o="-0.36" tfi="+0.52" fair="0.695" real="0.735" gap="-0.040" fsm="IDLE" shots=21 ic="-0.376"
2026-07-01T01:54:03.685554Z  WARN rust_quant_bot::strategy::bankroll: ✖ clôture reason="stop_loss" token_id="79479227253475270617088997746734314032955400018918684571293170276757561385080" exit="0.710" pnl="-0.25" cash="20.42"
2026-07-01T01:54:05.085159Z  INFO rust_quant_bot: mono score="-0.541" obi_b="-0.54" obi_o="-0.15" tfi="-0.58" fair="0.484" real="0.690" gap="-0.206" fsm="IDLE" shots=21 ic="-0.318"
2026-07-01T01:54:10.084722Z  INFO rust_quant_bot: mono score="+0.106" obi_b="-0.43" obi_o="-0.49" tfi="+1.00" fair="0.639" real="0.645" gap="-0.006" fsm="IDLE" shots=21 ic="-0.318"
2026-07-01T01:54:15.084385Z  INFO rust_quant_bot: mono score="-0.051" obi_b="+0.42" obi_o="-0.39" tfi="-0.62" fair="0.593" real="0.685" gap="-0.092" fsm="IDLE" shots=21 ic="-0.318"
2026-07-01T01:54:20.084457Z  INFO rust_quant_bot: mono score="+0.705" obi_b="+0.91" obi_o="+0.00" tfi="+0.81" fair="0.767" real="0.765" gap="+0.002" fsm="IDLE" shots=21 ic="-0.318"
2026-07-01T01:54:25.085168Z  INFO rust_quant_bot: mono score="-0.528" obi_b="-0.67" obi_o="-0.23" tfi="-0.68" fair="0.565" real="0.625" gap="-0.060" fsm="IDLE" shots=21 ic="-0.318"
2026-07-01T01:54:30.084026Z  INFO rust_quant_bot: mono score="+0.678" obi_b="+0.78" obi_o="-0.05" tfi="+0.99" fair="0.785" real="0.815" gap="-0.030" fsm="IDLE" shots=21 ic="-0.318"
2026-07-01T01:54:35.084654Z  INFO rust_quant_bot: mono score="+0.239" obi_b="+0.18" obi_o="+0.41" tfi="+0.43" fair="0.747" real="0.885" gap="-0.138" fsm="IDLE" shots=21 ic="-0.318"
2026-07-01T01:54:40.083155Z  INFO rust_quant_bot: mono score="+0.279" obi_b="+0.35" obi_o="-0.81" tfi="+0.32" fair="0.798" real="0.845" gap="-0.047" fsm="IDLE" shots=21 ic="-0.318"
2026-07-01T01:54:45.082984Z  INFO rust_quant_bot: mono score="-0.138" obi_b="+0.35" obi_o="-0.78" tfi="-0.77" fair="0.776" real="0.830" gap="-0.054" fsm="IDLE" shots=21 ic="-0.318"
2026-07-01T01:54:50.083819Z  INFO rust_quant_bot: mono score="-0.068" obi_b="-0.29" obi_o="-0.34" tfi="+0.35" fair="0.736" real="0.870" gap="-0.134" fsm="IDLE" shots=21 ic="-0.318"
2026-07-01T01:54:55.083905Z  INFO rust_quant_bot: mono score="+0.758" obi_b="+0.80" obi_o="-0.35" tfi="+1.00" fair="0.939" real="0.985" gap="-0.046" fsm="IDLE" shots=21 ic="-0.318"
2026-07-01T01:55:00.068987Z  INFO rust_quant_bot::polymarket::pm_poller: === nouveau marché === slug=btc-updown-5m-1782870900 strike=None neg_risk=false
2026-07-01T01:55:00.070641Z  INFO rust_quant_bot::polymarket::pm_websocket: pm_ws: resouscription rollover marché tokens=["3119411259851656446246259199026184386849309686398860467325542026892469608281", "79011125526995757312319164020834043996445153072062226831467536494576788110508"]
2026-07-01T01:55:00.083283Z  INFO rust_quant_bot: mono score="+0.156" obi_b="+0.22" obi_o="+0.03" tfi="+0.05" fair="0.500" real="0.985" gap="+0.000" fsm="IDLE" shots=21 ic="-0.318"
2026-07-01T01:55:05.083554Z  INFO rust_quant_bot: mono score="+0.220" obi_b="-0.20" obi_o="-0.53" tfi="+0.85" fair="0.555" real="0.515" gap="+0.040" fsm="IDLE" shots=21 ic="-0.318"
2026-07-01T01:55:10.084014Z  INFO rust_quant_bot: mono score="-0.133" obi_b="-0.12" obi_o="+0.27" tfi="-0.09" fair="0.458" real="0.445" gap="+0.013" fsm="IDLE" shots=21 ic="-0.318"
2026-07-01T01:55:14.115005Z  WARN rust_quant_bot::strategy::bankroll: 🎯 SNIPE side="up" token_id="3119411259851656446246259199026184386849309686398860467325542026892469608281" entry="0.460" size=5.0 tp="0.50"
2026-07-01T01:55:15.083240Z  INFO rust_quant_bot: mono score="+0.496" obi_b="+0.45" obi_o="+0.34" tfi="+0.93" fair="0.583" real="0.465" gap="+0.118" fsm="COOLDOWN" shots=22 ic="-0.318"
2026-07-01T01:55:19.683819Z  WARN rust_quant_bot::strategy::bankroll: ✖ clôture reason="take_profit" token_id="3119411259851656446246259199026184386849309686398860467325542026892469608281" exit="0.500" pnl="0.20" cash="20.62"
2026-07-01T01:55:20.082075Z  INFO rust_quant_bot: mono score="+0.715" obi_b="+0.75" obi_o="-0.24" tfi="+0.98" fair="0.648" real="0.505" gap="+0.143" fsm="COOLDOWN" shots=22 ic="-0.348"
2026-07-01T01:55:21.234542Z  WARN rust_quant_bot::strategy::bankroll: 🎯 SNIPE side="up" token_id="3119411259851656446246259199026184386849309686398860467325542026892469608281" entry="0.510" size=5.0 tp="0.55"
2026-07-01T01:55:25.082593Z  INFO rust_quant_bot: mono score="+0.371" obi_b="+0.41" obi_o="-0.47" tfi="+0.54" fair="0.586" real="0.505" gap="+0.081" fsm="COOLDOWN" shots=23 ic="-0.348"
2026-07-01T01:55:25.583509Z  WARN rust_quant_bot::strategy::bankroll: ✖ clôture reason="stop_loss" token_id="3119411259851656446246259199026184386849309686398860467325542026892469608281" exit="0.480" pnl="-0.15" cash="20.47"
2026-07-01T01:55:30.082934Z  INFO rust_quant_bot: mono score="-0.175" obi_b="-0.12" obi_o="-0.46" tfi="-0.36" fair="0.467" real="0.455" gap="+0.012" fsm="IDLE" shots=23 ic="-0.343"
2026-07-01T01:55:35.083523Z  INFO rust_quant_bot: mono score="+0.015" obi_b="-0.02" obi_o="-0.61" tfi="+0.06" fair="0.509" real="0.475" gap="+0.034" fsm="IDLE" shots=23 ic="-0.343"
2026-07-01T01:55:36.183833Z  WARN rust_quant_bot::strategy::bankroll: 🎯 SNIPE side="down" token_id="79011125526995757312319164020834043996445153072062226831467536494576788110508" entry="0.540" size=5.0 tp="0.58"
2026-07-01T01:55:37.684201Z  WARN rust_quant_bot::strategy::bankroll: ✖ clôture reason="stop_loss" token_id="79011125526995757312319164020834043996445153072062226831467536494576788110508" exit="0.510" pnl="-0.15" cash="20.32"
2026-07-01T01:55:40.083064Z  INFO rust_quant_bot: mono score="+0.348" obi_b="+0.25" obi_o="+0.16" tfi="+0.71" fair="0.582" real="0.525" gap="+0.057" fsm="IDLE" shots=24 ic="-0.286"
2026-07-01T01:55:43.111825Z  WARN rust_quant_bot::strategy::bankroll: 🎯 SNIPE side="up" token_id="3119411259851656446246259199026184386849309686398860467325542026892469608281" entry="0.500" size=5.0 tp="0.54"
2026-07-01T01:55:45.083564Z  INFO rust_quant_bot: mono score="+0.279" obi_b="+0.22" obi_o="+0.04" tfi="+0.55" fair="0.568" real="0.505" gap="+0.063" fsm="COOLDOWN" shots=25 ic="-0.286"
2026-07-01T01:55:50.081976Z  INFO rust_quant_bot: mono score="-0.198" obi_b="+0.17" obi_o="+0.01" tfi="-0.77" fair="0.474" real="0.495" gap="-0.021" fsm="IDLE" shots=25 ic="-0.286"
2026-07-01T01:55:51.683471Z  WARN rust_quant_bot::strategy::bankroll: ✖ clôture reason="take_profit" token_id="3119411259851656446246259199026184386849309686398860467325542026892469608281" exit="0.540" pnl="0.20" cash="20.52"
2026-07-01T01:55:52.076608Z  WARN rust_quant_bot::strategy::bankroll: 🎯 SNIPE side="up" token_id="3119411259851656446246259199026184386849309686398860467325542026892469608281" entry="0.610" size=5.0 tp="0.66"
2026-07-01T01:55:55.082092Z  INFO rust_quant_bot: mono score="+0.182" obi_b="-0.33" obi_o="-0.07" tfi="+0.37" fair="0.616" real="0.630" gap="-0.014" fsm="IDLE" shots=26 ic="-0.317"
2026-07-01T01:55:55.583466Z  WARN rust_quant_bot::strategy::bankroll: ✖ clôture reason="take_profit" token_id="3119411259851656446246259199026184386849309686398860467325542026892469608281" exit="0.660" pnl="0.25" cash="20.77"
2026-07-01T01:56:00.082706Z  INFO rust_quant_bot: mono score="-0.370" obi_b="-0.09" obi_o="+0.24" tfi="-0.84" fair="0.514" real="0.625" gap="-0.111" fsm="IDLE" shots=26 ic="-0.325"
2026-07-01T01:56:03.134332Z  WARN rust_quant_bot::strategy::bankroll: 🎯 SNIPE side="up" token_id="3119411259851656446246259199026184386849309686398860467325542026892469608281" entry="0.690" size=5.0 tp="0.75"
2026-07-01T01:56:04.583242Z  WARN rust_quant_bot::strategy::bankroll: ✖ clôture reason="stop_loss" token_id="3119411259851656446246259199026184386849309686398860467325542026892469608281" exit="0.650" pnl="-0.20" cash="20.57"
2026-07-01T01:56:05.082605Z  INFO rust_quant_bot: mono score="+0.158" obi_b="-0.27" obi_o="+0.32" tfi="+0.63" fair="0.657" real="0.655" gap="+0.002" fsm="COOLDOWN" shots=27 ic="-0.274"
2026-07-01T01:56:08.083456Z  WARN rust_quant_bot::strategy::bankroll: 🎯 SNIPE side="up" token_id="3119411259851656446246259199026184386849309686398860467325542026892469608281" entry="0.690" size=5.0 tp="0.75"
2026-07-01T01:56:10.083075Z  INFO rust_quant_bot: mono score="-0.393" obi_b="-0.20" obi_o="-0.36" tfi="-0.83" fair="0.539" real="0.715" gap="-0.176" fsm="COOLDOWN" shots=28 ic="-0.274"
2026-07-01T01:56:10.683311Z  WARN rust_quant_bot::strategy::bankroll: ✖ clôture reason="stop_loss" token_id="3119411259851656446246259199026184386849309686398860467325542026892469608281" exit="0.650" pnl="-0.20" cash="20.37"
2026-07-01T01:56:11.114141Z  WARN rust_quant_bot::strategy::bankroll: 🎯 SNIPE side="down" token_id="79011125526995757312319164020834043996445153072062226831467536494576788110508" entry="0.380" size=5.0 tp="0.41"
2026-07-01T01:56:12.683598Z  WARN rust_quant_bot::strategy::bankroll: ✖ clôture reason="take_profit" token_id="79011125526995757312319164020834043996445153072062226831467536494576788110508" exit="0.410" pnl="0.15" cash="20.52"
2026-07-01T01:56:14.183682Z  WARN rust_quant_bot::strategy::bankroll: 🎯 SNIPE side="down" token_id="79011125526995757312319164020834043996445153072062226831467536494576788110508" entry="0.520" size=5.0 tp="0.56"
2026-07-01T01:56:15.082794Z  INFO rust_quant_bot: mono score="-0.558" obi_b="-0.23" obi_o="-0.25" tfi="-0.70" fair="0.399" real="0.485" gap="-0.086" fsm="COOLDOWN" shots=30 ic="-0.239"
2026-07-01T01:56:16.583308Z  WARN rust_quant_bot::strategy::bankroll: ✖ clôture reason="stop_loss" token_id="79011125526995757312319164020834043996445153072062226831467536494576788110508" exit="0.490" pnl="-0.15" cash="20.37"
2026-07-01T01:56:18.283535Z  WARN rust_quant_bot::strategy::bankroll: 🎯 SNIPE side="up" token_id="3119411259851656446246259199026184386849309686398860467325542026892469608281" entry="0.510" size=5.0 tp="0.55"
2026-07-01T01:56:19.583237Z  WARN rust_quant_bot::strategy::bankroll: ✖ clôture reason="take_profit" token_id="3119411259851656446246259199026184386849309686398860467325542026892469608281" exit="0.550" pnl="0.20" cash="20.57"
2026-07-01T01:56:20.082880Z  INFO rust_quant_bot: mono score="+0.473" obi_b="+0.34" obi_o="-0.65" tfi="+0.96" fair="0.623" real="0.565" gap="+0.058" fsm="COOLDOWN" shots=31 ic="-0.294"
2026-07-01T01:56:21.315268Z  WARN rust_quant_bot::strategy::bankroll: 🎯 SNIPE side="up" token_id="3119411259851656446246259199026184386849309686398860467325542026892469608281" entry="0.520" size=5.0 tp="0.56"
2026-07-01T01:56:25.083313Z  INFO rust_quant_bot: mono score="-0.145" obi_b="+0.43" obi_o="-0.70" tfi="-0.98" fair="0.492" real="0.525" gap="-0.033" fsm="IDLE" shots=32 ic="-0.294"
2026-07-01T01:56:26.633253Z  WARN rust_quant_bot::strategy::bankroll: ✖ clôture reason="stop_loss" token_id="3119411259851656446246259199026184386849309686398860467325542026892469608281" exit="0.490" pnl="-0.15" cash="20.42"
2026-07-01T01:56:30.082465Z  INFO rust_quant_bot: mono score="+0.130" obi_b="-0.35" obi_o="-0.54" tfi="+0.83" fair="0.550" real="0.495" gap="+0.055" fsm="IDLE" shots=32 ic="-0.280"
2026-07-01T01:56:35.082715Z  INFO rust_quant_bot: mono score="-0.159" obi_b="-0.16" obi_o="-0.00" tfi="-0.12" fair="0.475" real="0.475" gap="+0.000" fsm="IDLE" shots=32 ic="-0.280"
2026-07-01T01:56:39.513944Z  WARN rust_quant_bot::strategy::bankroll: 🎯 SNIPE side="down" token_id="79011125526995757312319164020834043996445153072062226831467536494576788110508" entry="0.590" size=5.0 tp="0.64"
2026-07-01T01:56:40.082686Z  INFO rust_quant_bot: mono score="-0.498" obi_b="-0.20" obi_o="-0.45" tfi="-0.92" fair="0.358" real="0.395" gap="-0.037" fsm="COOLDOWN" shots=33 ic="-0.280"
2026-07-01T01:56:45.082808Z  INFO rust_quant_bot: mono score="-0.411" obi_b="-0.17" obi_o="+0.67" tfi="-0.84" fair="0.355" real="0.365" gap="-0.010" fsm="COOLDOWN" shots=33 ic="-0.280"
2026-07-01T01:56:50.082796Z  INFO rust_quant_bot: mono score="+0.116" obi_b="-0.14" obi_o="+0.23" tfi="+0.59" fair="0.456" real="0.375" gap="+0.081" fsm="IDLE" shots=33 ic="-0.280"
2026-07-01T01:56:55.083058Z  INFO rust_quant_bot: mono score="+0.470" obi_b="+0.33" obi_o="-0.06" tfi="+0.98" fair="0.525" real="0.395" gap="+0.130" fsm="COOLDOWN" shots=33 ic="-0.280"
2026-07-01T01:56:56.683358Z  WARN rust_quant_bot::strategy::bankroll: ✖ clôture reason="stop_loss" token_id="79011125526995757312319164020834043996445153072062226831467536494576788110508" exit="0.550" pnl="-0.20" cash="20.22"
2026-07-01T01:56:57.193953Z  WARN rust_quant_bot::strategy::bankroll: 🎯 SNIPE side="up" token_id="3119411259851656446246259199026184386849309686398860467325542026892469608281" entry="0.450" size=5.0 tp="0.49"
2026-07-01T01:57:00.082753Z  INFO rust_quant_bot: mono score="+0.601" obi_b="+0.43" obi_o="-0.74" tfi="+0.99" fair="0.603" real="0.445" gap="+0.158" fsm="COOLDOWN" shots=34 ic="-0.251"
2026-07-01T01:57:02.582884Z  WARN rust_quant_bot::strategy::bankroll: ✖ clôture reason="stop_loss" token_id="3119411259851656446246259199026184386849309686398860467325542026892469608281" exit="0.420" pnl="-0.15" cash="20.07"
2026-07-01T01:57:05.082519Z  INFO rust_quant_bot: mono score="-0.344" obi_b="-0.30" obi_o="-0.49" tfi="-0.54" fair="0.384" real="0.395" gap="-0.011" fsm="IDLE" shots=34 ic="-0.222"
2026-07-01T01:57:08.783135Z  WARN rust_quant_bot::strategy::bankroll: 🎯 SNIPE side="up" token_id="3119411259851656446246259199026184386849309686398860467325542026892469608281" entry="0.460" size=5.0 tp="0.50"
2026-07-01T01:57:10.083063Z  INFO rust_quant_bot: mono score="+0.483" obi_b="+0.36" obi_o="-0.47" tfi="+0.85" fair="0.572" real="0.455" gap="+0.117" fsm="COOLDOWN" shots=35 ic="-0.222"
2026-07-01T01:57:13.581858Z  WARN rust_quant_bot::strategy::bankroll: ✖ clôture reason="stop_loss" token_id="3119411259851656446246259199026184386849309686398860467325542026892469608281" exit="0.430" pnl="-0.15" cash="19.92"
2026-07-01T01:57:15.082805Z  INFO rust_quant_bot: mono score="-0.252" obi_b="-0.76" obi_o="-0.62" tfi="+0.17" fair="0.444" real="0.435" gap="+0.009" fsm="IDLE" shots=35 ic="-0.223"
2026-07-01T01:57:15.432217Z  WARN rust_quant_bot::strategy::bankroll: 🎯 SNIPE side="down" token_id="79011125526995757312319164020834043996445153072062226831467536494576788110508" entry="0.570" size=5.0 tp="0.62"
2026-07-01T01:57:20.082551Z  INFO rust_quant_bot: mono score="+0.183" obi_b="-0.04" obi_o="-0.61" tfi="+0.67" fair="0.512" real="0.415" gap="+0.097" fsm="IDLE" shots=36 ic="-0.223"
2026-07-01T01:57:21.633479Z  WARN rust_quant_bot::strategy::bankroll: ✖ clôture reason="stop_loss" token_id="79011125526995757312319164020834043996445153072062226831467536494576788110508" exit="0.540" pnl="-0.15" cash="19.77"
2026-07-01T01:57:25.082165Z  INFO rust_quant_bot: mono score="+0.002" obi_b="-0.08" obi_o="-0.81" tfi="+0.12" fair="0.494" real="0.455" gap="+0.039" fsm="IDLE" shots=36 ic="-0.201"
2026-07-01T01:57:27.080218Z  WARN rust_quant_bot::strategy::bankroll: 🎯 SNIPE side="down" token_id="79011125526995757312319164020834043996445153072062226831467536494576788110508" entry="0.650" size=5.0 tp="0.70"
2026-07-01T01:57:28.683415Z  WARN rust_quant_bot::strategy::bankroll: ✖ clôture reason="take_profit" token_id="79011125526995757312319164020834043996445153072062226831467536494576788110508" exit="0.700" pnl="0.25" cash="20.02"
2026-07-01T01:57:30.083192Z  INFO rust_quant_bot: mono score="-0.755" obi_b="-0.52" obi_o="-0.35" tfi="-0.93" fair="0.248" real="0.265" gap="-0.017" fsm="ARMING" shots=37 ic="-0.148"
2026-07-01T01:57:30.383138Z  WARN rust_quant_bot::strategy::bankroll: 🎯 SNIPE side="down" token_id="79011125526995757312319164020834043996445153072062226831467536494576788110508" entry="0.740" size=5.0 tp="0.80"
2026-07-01T01:57:35.082587Z  INFO rust_quant_bot: mono score="-0.157" obi_b="-0.29" obi_o="-0.26" tfi="+0.17" fair="0.319" real="0.235" gap="+0.084" fsm="IDLE" shots=38 ic="-0.148"
2026-07-01T01:57:40.082687Z  INFO rust_quant_bot: mono score="+0.615" obi_b="+0.50" obi_o="-0.88" tfi="+0.98" fair="0.534" real="0.285" gap="+0.249" fsm="COOLDOWN" shots=38 ic="-0.148"
2026-07-01T01:57:45.082639Z  INFO rust_quant_bot: mono score="-0.532" obi_b="-0.69" obi_o="+0.27" tfi="-0.50" fair="0.244" real="0.205" gap="+0.039" fsm="COOLDOWN" shots=38 ic="-0.148"
2026-07-01T01:57:50.082558Z  INFO rust_quant_bot: mono score="+0.027" obi_b="-0.13" obi_o="-0.52" tfi="+0.33" fair="0.337" real="0.205" gap="+0.132" fsm="IDLE" shots=38 ic="-0.148"
2026-07-01T01:57:54.633200Z  WARN rust_quant_bot::strategy::bankroll: ✖ clôture reason="take_profit" token_id="79011125526995757312319164020834043996445153072062226831467536494576788110508" exit="0.800" pnl="0.30" cash="20.32"
2026-07-01T01:57:55.082830Z  INFO rust_quant_bot: mono score="+0.005" obi_b="-0.32" obi_o="-0.65" tfi="+0.49" fair="0.330" real="0.195" gap="+0.135" fsm="IDLE" shots=38 ic="-0.067"
2026-07-01T01:58:00.083039Z  INFO rust_quant_bot: mono score="-0.391" obi_b="-0.38" obi_o="-0.85" tfi="-0.52" fair="0.240" real="0.165" gap="+0.075" fsm="IDLE" shots=38 ic="-0.067"
2026-07-01T01:58:05.082494Z  INFO rust_quant_bot: mono score="-0.378" obi_b="-0.27" obi_o="+0.27" tfi="-0.72" fair="0.239" real="0.155" gap="+0.084" fsm="IDLE" shots=38 ic="-0.067"
2026-07-01T01:58:05.119153Z  WARN rust_quant_bot::strategy::bankroll: 🎯 SNIPE side="down" token_id="79011125526995757312319164020834043996445153072062226831467536494576788110508" entry="0.850" size=5.0 tp="0.92"
2026-07-01T01:58:10.082880Z  INFO rust_quant_bot: mono score="-0.179" obi_b="-0.42" obi_o="+0.13" tfi="+0.16" fair="0.239" real="0.125" gap="+0.114" fsm="COOLDOWN" shots=39 ic="-0.067"
2026-07-01T01:58:15.082201Z  INFO rust_quant_bot: mono score="+0.180" obi_b="-0.18" obi_o="-0.33" tfi="+0.82" fair="0.292" real="0.115" gap="+0.177" fsm="IDLE" shots=39 ic="-0.067"
2026-07-01T01:58:20.081771Z  INFO rust_quant_bot: mono score="-0.067" obi_b="-0.31" obi_o="-0.35" tfi="+0.23" fair="0.246" real="0.115" gap="+0.131" fsm="IDLE" shots=39 ic="-0.067"
2026-07-01T01:58:25.082988Z  INFO rust_quant_bot: mono score="+0.338" obi_b="-0.07" obi_o="-0.78" tfi="+0.99" fair="0.387" real="0.115" gap="+0.272" fsm="COOLDOWN" shots=39 ic="-0.067"
